{"/home/mhmdtshref/Documents/CodeCademy/week3/MASS/test.js":{"path":"/home/mhmdtshref/Documents/CodeCademy/week3/MASS/test.js","s":{"1":1,"2":1,"3":1,"4":1,"5":1,"6":1,"7":1,"8":1,"9":1,"10":1,"11":1,"12":1,"13":1,"14":1,"15":1,"16":1,"17":1,"18":1,"19":1,"20":1},"b":{},"f":{"1":1,"2":1,"3":1},"fnMap":{"1":{"name":"(anonymous_1)","line":4,"loc":{"start":{"line":4,"column":24},"end":{"line":4,"column":37}}},"2":{"name":"(anonymous_2)","line":30,"loc":{"start":{"line":30,"column":22},"end":{"line":30,"column":35}}},"3":{"name":"(anonymous_3)","line":61,"loc":{"start":{"line":61,"column":37},"end":{"line":61,"column":49}}}},"statementMap":{"1":{"start":{"line":1,"column":0},"end":{"line":1,"column":27}},"2":{"start":{"line":2,"column":0},"end":{"line":2,"column":31}},"3":{"start":{"line":4,"column":0},"end":{"line":28,"column":3}},"4":{"start":{"line":5,"column":4},"end":{"line":16,"column":6}},"5":{"start":{"line":17,"column":4},"end":{"line":23,"column":6}},"6":{"start":{"line":24,"column":4},"end":{"line":24,"column":81}},"7":{"start":{"line":25,"column":4},"end":{"line":25,"column":88}},"8":{"start":{"line":27,"column":4},"end":{"line":27,"column":12}},"9":{"start":{"line":30,"column":0},"end":{"line":59,"column":3}},"10":{"start":{"line":31,"column":4},"end":{"line":42,"column":6}},"11":{"start":{"line":43,"column":4},"end":{"line":54,"column":6}},"12":{"start":{"line":55,"column":4},"end":{"line":55,"column":83}},"13":{"start":{"line":56,"column":4},"end":{"line":56,"column":86}},"14":{"start":{"line":58,"column":4},"end":{"line":58,"column":12}},"15":{"start":{"line":61,"column":0},"end":{"line":73,"column":3}},"16":{"start":{"line":62,"column":4},"end":{"line":62,"column":19}},"17":{"start":{"line":63,"column":4},"end":{"line":63,"column":46}},"18":{"start":{"line":64,"column":4},"end":{"line":70,"column":6}},"19":{"start":{"line":71,"column":4},"end":{"line":71,"column":55}},"20":{"start":{"line":72,"column":4},"end":{"line":72,"column":12}}},"branchMap":{}},"/home/mhmdtshref/Documents/CodeCademy/week3/MASS/logic.js":{"path":"/home/mhmdtshref/Documents/CodeCademy/week3/MASS/logic.js","s":{"1":1,"2":1,"3":1,"4":1,"5":1,"6":5,"7":1,"8":1,"9":1,"10":1,"11":2,"12":4,"13":2,"14":4,"15":1,"16":4,"17":1},"b":{"1":[1,3]},"f":{"1":1,"2":1,"3":5,"4":1,"5":2,"6":2},"fnMap":{"1":{"name":"(anonymous_1)","line":8,"loc":{"start":{"line":8,"column":17},"end":{"line":8,"column":28}}},"2":{"name":"incrementCounter","line":11,"loc":{"start":{"line":11,"column":8},"end":{"line":11,"column":36}}},"3":{"name":"(anonymous_3)","line":20,"loc":{"start":{"line":20,"column":25},"end":{"line":20,"column":41}}},"4":{"name":"(anonymous_4)","line":24,"loc":{"start":{"line":24,"column":13},"end":{"line":24,"column":38}}},"5":{"name":"(anonymous_5)","line":38,"loc":{"start":{"line":38,"column":16},"end":{"line":38,"column":44}}},"6":{"name":"(anonymous_6)","line":42,"loc":{"start":{"line":42,"column":14},"end":{"line":42,"column":40}}}},"statementMap":{"1":{"start":{"line":5,"column":0},"end":{"line":65,"column":2}},"2":{"start":{"line":9,"column":8},"end":{"line":9,"column":26}},"3":{"start":{"line":11,"column":8},"end":{"line":13,"column":9}},"4":{"start":{"line":12,"column":12},"end":{"line":12,"column":31}},"5":{"start":{"line":15,"column":8},"end":{"line":15,"column":32}},"6":{"start":{"line":21,"column":8},"end":{"line":21,"column":49}},"7":{"start":{"line":29,"column":8},"end":{"line":33,"column":10}},"8":{"start":{"line":34,"column":8},"end":{"line":34,"column":52}},"9":{"start":{"line":35,"column":8},"end":{"line":35,"column":24}},"10":{"start":{"line":36,"column":8},"end":{"line":36,"column":21}},"11":{"start":{"line":39,"column":8},"end":{"line":39,"column":78}},"12":{"start":{"line":39,"column":57},"end":{"line":39,"column":76}},"13":{"start":{"line":43,"column":8},"end":{"line":48,"column":11}},"14":{"start":{"line":44,"column":12},"end":{"line":46,"column":13}},"15":{"start":{"line":45,"column":16},"end":{"line":45,"column":33}},"16":{"start":{"line":47,"column":12},"end":{"line":47,"column":21}},"17":{"start":{"line":73,"column":4},"end":{"line":73,"column":35}}},"branchMap":{"1":{"line":44,"type":"if","locations":[{"start":{"line":44,"column":12},"end":{"line":44,"column":12}},{"start":{"line":44,"column":12},"end":{"line":44,"column":12}}]}}}}