TN:
SF:/home/mhmdtshref/Documents/CodeCademy/week3/MASS/test.js
FN:4,(anonymous_1)
FN:30,(anonymous_2)
FN:61,(anonymous_3)
FNF:3
FNH:3
FNDA:1,(anonymous_1)
FNDA:1,(anonymous_2)
FNDA:1,(anonymous_3)
DA:1,1
DA:2,1
DA:4,1
DA:5,1
DA:17,1
DA:24,1
DA:25,1
DA:27,1
DA:30,1
DA:31,1
DA:43,1
DA:55,1
DA:56,1
DA:58,1
DA:61,1
DA:62,1
DA:63,1
DA:64,1
DA:71,1
DA:72,1
LF:20
LH:20
BRF:0
BRH:0
end_of_record
TN:
SF:/home/mhmdtshref/Documents/CodeCademy/week3/MASS/logic.js
FN:8,(anonymous_1)
FN:11,incrementCounter
FN:20,(anonymous_3)
FN:24,(anonymous_4)
FN:38,(anonymous_5)
FN:42,(anonymous_6)
FNF:6
FNH:6
FNDA:1,(anonymous_1)
FNDA:1,incrementCounter
FNDA:5,(anonymous_3)
FNDA:1,(anonymous_4)
FNDA:2,(anonymous_5)
FNDA:2,(anonymous_6)
DA:5,1
DA:9,1
DA:11,1
DA:12,1
DA:15,1
DA:21,5
DA:29,1
DA:34,1
DA:35,1
DA:36,1
DA:39,4
DA:43,2
DA:44,4
DA:45,1
DA:47,4
DA:73,1
LF:16
LH:16
BRDA:44,1,0,1
BRDA:44,1,1,3
BRF:2
BRH:2
end_of_record
